<?xml version="1.0" encoding="UTF-8"?>
<!-- Generated by org.testng.reporters.JUnitReportReporter -->
<testsuite hostname="LAPTOP-G7KQ4BVC" name="utilities.DateUtility" tests="1" failures="0" timestamp="18 Jun 2022 10:40:28 GMT" time="0.180" errors="0">
  <testcase name="testCase" time="0.180" classname="utilities.DateUtility"/>
</testsuite> <!-- utilities.DateUtility -->
